[INFO ] 16:22:49.354 [main] romashko.by.service.Service startTest - Start test with number: 50000000
[INFO ] 16:25:53.490 [Thread-2] romashko.by.service.Service run - 
Number of elements: 50000k
[INFO ] 16:25:53.490 [Thread-2] romashko.by.service.Service run - Total time: 184133
[INFO ] 16:25:53.490 [Thread-2] romashko.by.service.Service run - Time for getting all packages: 165299
[INFO ] 16:25:53.490 [Thread-2] romashko.by.service.Service run - Max memory use(MB): 393

[INFO ] 16:26:30.459 [main] romashko.by.service.Service startTest - Start test with number: 50000000
[INFO ] 16:28:37.404 [Thread-2] romashko.by.service.Service run - 
Number of elements: 50000k
[INFO ] 16:28:37.405 [Thread-2] romashko.by.service.Service run - Total time: 126942
[INFO ] 16:28:37.405 [Thread-2] romashko.by.service.Service run - Time for getting all packages: 106422
[INFO ] 16:28:37.405 [Thread-2] romashko.by.service.Service run - Max memory use(MB): 392

[INFO ] 16:33:45.225 [main] romashko.by.service.Service startTest - Start test with number: 50000000
[INFO ] 16:34:40.694 [Thread-2] romashko.by.service.Service run - Number of elements: 50000k
[INFO ] 16:34:40.694 [Thread-2] romashko.by.service.Service run - Total time: 55442
[INFO ] 16:34:40.694 [Thread-2] romashko.by.service.Service run - Time for getting all packages: 22961
[INFO ] 16:34:40.694 [Thread-2] romashko.by.service.Service run - Max memory use(MB): 374


[INFO ] 16:36:05.382 [main] romashko.by.service.Service startTest - Start test with number: 50000000
[INFO ] 16:36:59.546 [main] romashko.by.service.Service startTest - Generate file
[INFO ] 16:36:59.635 [main] romashko.by.service.Service generateFile - Start generating file
[INFO ] 16:37:17.378 [main] romashko.by.service.Service generateFile - Cancel generating file
[INFO ] 16:37:17.378 [main] romashko.by.service.Service startTest - Start test with number: 50000000
[INFO ] 16:38:18.586 [Thread-2] romashko.by.service.Service run - Number of elements: 50000k
[INFO ] 16:38:18.586 [Thread-2] romashko.by.service.Service run - Total time: 61208
[INFO ] 16:38:18.586 [Thread-2] romashko.by.service.Service run - Time for getting all packages: 37111
[INFO ] 16:38:18.586 [Thread-2] romashko.by.service.Service run - Max memory use(MB): 1387


[DEBUG] 16:44:08.205 [main] romashko.by.service.Service startTest - Start test with number: 50000000
[DEBUG] 16:44:56.604 [Thread-2] romashko.by.service.Service run - Number of elements: 50000k
[DEBUG] 16:44:56.605 [Thread-2] romashko.by.service.Service run - Total time: 48397
[DEBUG] 16:44:56.605 [Thread-2] romashko.by.service.Service run - Time for getting all packages: 21126
[DEBUG] 16:44:56.605 [Thread-2] romashko.by.service.Service run - Max memory use(MB): 621


